<?xml version="1.0" encoding="UTF-8"?>
<!-- Generated by org.testng.reporters.JUnitXMLReporter -->
<testsuite ignored="0" hostname="ASCINLAP61476" failures="2" tests="3" name="EdgeTest" time="16.882" errors="0" timestamp="2025-10-15T12:16:05 IST">
  <testcase classname="pack1.TC008_testNG" name="f" time="0.004">
    <failure type="java.lang.Error" message="Unresolved compilation problems: 
	login_pageobjects cannot be resolved to a type
	login_pageobjects cannot be resolved to a type
">
      <![CDATA[java.lang.Error: Unresolved compilation problems: 
login_pageobjects cannot be resolved to a type
login_pageobjects cannot be resolved to a type

at pack1.TC008_testNG.f(TC008_testNG.java:48)
at java.base/java.util.ArrayList.forEach(ArrayList.java:1596)
at java.base/java.util.concurrent.FutureTask.run(FutureTask.java:317)
at java.base/java.util.concurrent.ThreadPoolExecutor.runWorker(ThreadPoolExecutor.java:1144)
at java.base/java.util.concurrent.ThreadPoolExecutor$Worker.run(ThreadPoolExecutor.java:642)
at java.base/java.lang.Thread.run(Thread.java:1583)
... Removed 15 stack frames]]>
    </failure>
  </testcase> <!-- f -->
  <testcase classname="pack1.TC008_testNG" name="f" time="0.002">
    <failure type="java.lang.Error" message="Unresolved compilation problems: 
	login_pageobjects cannot be resolved to a type
	login_pageobjects cannot be resolved to a type
">
      <![CDATA[java.lang.Error: Unresolved compilation problems: 
login_pageobjects cannot be resolved to a type
login_pageobjects cannot be resolved to a type

at pack1.TC008_testNG.f(TC008_testNG.java:48)
at java.base/java.util.ArrayList.forEach(ArrayList.java:1596)
at java.base/java.util.concurrent.FutureTask.run(FutureTask.java:317)
at java.base/java.util.concurrent.ThreadPoolExecutor.runWorker(ThreadPoolExecutor.java:1144)
at java.base/java.util.concurrent.ThreadPoolExecutor$Worker.run(ThreadPoolExecutor.java:642)
at java.base/java.lang.Thread.run(Thread.java:1583)
... Removed 15 stack frames]]>
    </failure>
  </testcase> <!-- f -->
  <testcase classname="pack1.TC008_testNG" name="test2" time="0.004"/>
</testsuite> <!-- EdgeTest -->
